2025-03-07 17:04:18 - __main__ - INFO - Starting SAT Question Bank Application
2025-03-07 17:04:18 - sat_app.config.config_manager - INFO - Configuration loaded successfully
2025-03-07 17:04:18 - sat_app.config.config_manager - INFO - Created required directories
2025-03-07 17:04:18 - sat_app.dal.database_manager - INFO - Database initialized successfully at data/sat_app.db
2025-03-07 17:04:18 - sat_app.ui.question_browser - INFO - Question browser initialized
2025-03-07 17:04:18 - sat_app.ui.question_editor - INFO - Question editor initialized
2025-03-07 17:04:18 - sat_app.ui.theme_manager - INFO - Applied dark theme with font size 14
2025-03-07 17:04:18 - sat_app.ui.main_window - INFO - Applied dark theme with font size 14
2025-03-07 17:04:18 - sat_app.ui.main_window - INFO - Main window initialized
2025-03-07 17:04:24 - sat_app.business.settings_manager - ERROR - Error creating directory for path setting: [Errno 17] File exists: 'data/sat_app.db'
2025-03-07 17:04:24 - sat_app.business.settings_manager - INFO - Created directory for updated path setting: data/images/questions
2025-03-07 17:04:24 - sat_app.business.settings_manager - INFO - Created directory for updated path setting: data/images/answers
2025-03-07 17:04:24 - sat_app.business.settings_manager - INFO - Created directory for updated path setting: data/worksheets
2025-03-07 17:04:24 - sat_app.ui.theme_manager - INFO - Applied light theme with font size 14
2025-03-07 17:04:24 - sat_app.ui.main_window - INFO - Applied light theme with font size 14
2025-03-07 17:04:26 - sat_app.ui.settings_view - INFO - Settings updated successfully
2025-03-07 17:04:42 - sat_app.business.settings_manager - ERROR - Error creating directory for path setting: [Errno 17] File exists: 'data/sat_app.db'
2025-03-07 17:04:42 - sat_app.business.settings_manager - INFO - Created directory for updated path setting: data/images/questions
2025-03-07 17:04:42 - sat_app.business.settings_manager - INFO - Created directory for updated path setting: data/images/answers
2025-03-07 17:04:42 - sat_app.business.settings_manager - INFO - Created directory for updated path setting: data/worksheets
2025-03-07 17:04:42 - sat_app.ui.theme_manager - INFO - Applied dark theme with font size 14
2025-03-07 17:04:42 - sat_app.ui.main_window - INFO - Applied dark theme with font size 14
2025-03-07 17:04:49 - sat_app.ui.settings_view - INFO - Settings updated successfully
2025-03-07 17:04:55 - sat_app.ui.main_window - INFO - Application closed
